<?xml version="1.0" encoding="UTF-8"?>
<testng-results skipped="0" failed="0" ignored="0" total="2" passed="2">
  <reporter-output>
  </reporter-output>
  <suite name="Suite" duration-ms="31854" started-at="2019-04-02T03:38:44Z" finished-at="2019-04-02T03:39:15Z">
    <groups>
    </groups>
    <test name="Test" duration-ms="31854" started-at="2019-04-02T03:38:44Z" finished-at="2019-04-02T03:39:15Z">
      <class name="India.Muthu.Selenium">
        <test-method status="PASS" signature="muthu()[pri:0, instance:India.Muthu.Selenium@29774679]" name="muthu" duration-ms="9174" started-at="2019-04-02T03:38:44Z" finished-at="2019-04-02T03:38:53Z">
          <reporter-output>
          </reporter-output>
        </test-method> <!-- muthu -->
        <test-method status="PASS" signature="f()[pri:0, instance:India.Muthu.Selenium@29774679]" name="f" duration-ms="31819" started-at="2019-04-02T03:38:44Z" finished-at="2019-04-02T03:39:15Z">
          <reporter-output>
          </reporter-output>
        </test-method> <!-- f -->
      </class> <!-- India.Muthu.Selenium -->
    </test> <!-- Test -->
  </suite> <!-- Suite -->
</testng-results>
